#
# There is insufficient memory for the Java Runtime Environment to continue.
# Native memory allocation (malloc) failed to allocate 1034576 bytes for Chunk::new
# Possible reasons:
#   The system is out of physical RAM or swap space
#   In 32 bit mode, the process size limit was hit
# Possible solutions:
#   Reduce memory load on the system
#   Increase physical memory or swap space
#   Check if swap backing store is full
#   Use 64 bit Java on a 64 bit OS
#   Decrease Java heap size (-Xmx/-Xms)
#   Decrease number of Java threads
#   Decrease Java thread stack sizes (-Xss)
#   Set larger code cache with -XX:ReservedCodeCacheSize=
# This output file may be truncated or incomplete.
#
#  Out of Memory Error (allocation.cpp:390), pid=9176, tid=0x0000000000001ffc
#
# JRE version: OpenJDK Runtime Environment (8.0_152-b01) (build 1.8.0_152-release-915-b01)
# Java VM: OpenJDK 64-Bit Server VM (25.152-b01 mixed mode windows-amd64 compressed oops)
# Failed to write core dump. Minidumps are not enabled by default on client versions of Windows
#

---------------  T H R E A D  ---------------

Current thread (0x0000000014835800):  JavaThread "C2 CompilerThread1" daemon [_thread_in_native, id=8188, stack(0x00000000160a0000,0x00000000161a0000)]

Stack: [0x00000000160a0000,0x00000000161a0000]
[error occurred during error reporting (printing stack bounds), id 0xc0000005]

Native frames: (J=compiled Java code, j=interpreted, Vv=VM code, C=native code)


Current CompileTask:
C2:  19730 1772   !   4       com.android.dx.cf.cst.ConstantPoolParser::parse0 (731 bytes)


---------------  P R O C E S S  ---------------

Java Threads: ( => current thread )
  0x0000000016481800 JavaThread "pool-1-thread-4" [_thread_blocked, id=8776, stack(0x0000000016ca0000,0x0000000016da0000)]
  0x0000000014818800 JavaThread "pool-1-thread-3" [_thread_blocked, id=4888, stack(0x0000000016ba0000,0x0000000016ca0000)]
  0x0000000014815000 JavaThread "pool-1-thread-2" [_thread_blocked, id=8348, stack(0x0000000016aa0000,0x0000000016ba0000)]
  0x0000000016507000 JavaThread "pool-2-thread-1" [_thread_blocked, id=8308, stack(0x00000000169a0000,0x0000000016aa0000)]
  0x00000000164fe800 JavaThread "pool-1-thread-1" [_thread_blocked, id=3452, stack(0x00000000168a0000,0x00000000169a0000)]
  0x00000000162a2000 JavaThread "Service Thread" daemon [_thread_blocked, id=1792, stack(0x00000000166a0000,0x00000000167a0000)]
  0x000000001483b800 JavaThread "C1 CompilerThread2" daemon [_thread_blocked, id=6176, stack(0x00000000161a0000,0x00000000162a0000)]
=>0x0000000014835800 JavaThread "C2 CompilerThread1" daemon [_thread_in_native, id=8188, stack(0x00000000160a0000,0x00000000161a0000)]
  0x00000000147dd800 JavaThread "C2 CompilerThread0" daemon [_thread_blocked, id=1616, stack(0x0000000015fa0000,0x00000000160a0000)]
  0x00000000147db000 JavaThread "Attach Listener" daemon [_thread_blocked, id=7372, stack(0x0000000015ea0000,0x0000000015fa0000)]
  0x00000000147da000 JavaThread "Signal Dispatcher" daemon [_thread_blocked, id=8380, stack(0x0000000015da0000,0x0000000015ea0000)]
  0x000000000210c000 JavaThread "Finalizer" daemon [_thread_blocked, id=3308, stack(0x0000000015a40000,0x0000000015b40000)]
  0x0000000002100800 JavaThread "Reference Handler" daemon [_thread_blocked, id=1584, stack(0x0000000015940000,0x0000000015a40000)]
  0x0000000001fbd800 JavaThread "main" [_thread_blocked, id=1208, stack(0x0000000001e90000,0x0000000001f90000)]

Other Threads:
  0x00000000147a6800 VMThread [stack: 0x0000000015840000,0x0000000015940000] [id=3876]
  0x00000000162a2800 WatcherThread [stack: 0x00000000167a0000,0x00000000168a0000] [id=7564]

VM state:at safepoint (normal execution)

VM Mutex/Monitor currently owned by a thread:  ([mutex/lock_event])
[0x0000000001fbd4f0] Threads_lock - owner thread: 0x00000000147a6800
[0x0000000001fbcc70] Heap_lock - owner thread: 0x0000000014818800

Heap:
 PSYoungGen      total 52736K, used 52705K [0x00000000eab00000, 0x00000000ee200000, 0x0000000100000000)
  eden space 49152K, 100% used [0x00000000eab00000,0x00000000edb00000,0x00000000edb00000)
  from space 3584K, 99% used [0x00000000edb00000,0x00000000ede786e0,0x00000000ede80000)
  to   space 3584K, 99% used [0x00000000ede80000,0x00000000ee1f86e0,0x00000000ee200000)
 ParOldGen       total 64512K, used 16996K [0x00000000c0000000, 0x00000000c3f00000, 0x00000000eab00000)
  object space 64512K, 26% used [0x00000000c0000000,0x00000000c1099038,0x00000000c3f00000)
 Metaspace       used 6360K, capacity 7152K, committed 7296K, reserved 1056768K
  class space    used 593K, capacity 616K, committed 640K, reserved 1048576K

Card table byte_map: [0x00000000114d0000,0x00000000116e0000] byte_map_base: 0x0000000010ed0000

Marking Bits: (ParMarkBitMap*) 0x0000000069893950
 Begin Bits: [0x0000000011c40000, 0x0000000012c40000)
 End Bits:   [0x0000000012c40000, 0x0000000013c40000)

Polling page: 0x00000000006d0000

CodeCache: size=245760Kb used=8310Kb max_used=8319Kb free=237449Kb
 bounds [0x0000000002110000, 0x0000000002940000, 0x0000000011110000]
 total_blobs=2054 nmethods=1785 adapters=182
 compilation: enabled

Compilation events (10 events):
Event: 19.408 Thread 0x000000001483b800 1814       2       java.util.concurrent.ThreadPoolExecutor::execute (132 bytes)
Event: 19.409 Thread 0x000000001483b800 nmethod 1814 0x000000000291a850 code [0x000000000291aa20, 0x000000000291ae88]
Event: 19.410 Thread 0x000000001483b800 1815       2       java.util.concurrent.ThreadPoolExecutor::runStateOf (5 bytes)
Event: 19.410 Thread 0x000000001483b800 nmethod 1815 0x000000000291b150 code [0x000000000291b2a0, 0x000000000291b3d0]
Event: 19.410 Thread 0x000000001483b800 1816       2       java.lang.Boolean::valueOf (14 bytes)
Event: 19.411 Thread 0x000000001483b800 nmethod 1816 0x000000000291b450 code [0x000000000291b5a0, 0x000000000291b6f0]
Event: 19.421 Thread 0x00000000147dd800 nmethod 1771% 0x0000000002920650 code [0x0000000002920880, 0x0000000002922b08]
Event: 19.421 Thread 0x00000000147dd800 1782       4       com.android.dx.ssa.SsaMethod::mapRegisters (87 bytes)
Event: 19.471 Thread 0x00000000147dd800 nmethod 1782 0x0000000002924650 code [0x00000000029248a0, 0x0000000002925a60]
Event: 19.471 Thread 0x00000000147dd800 1794 %     4       com.android.dx.ssa.SsaConverter::placePhiFunctions @ 103 (394 bytes)

GC Heap History (6 events):
Event: 12.962 GC heap before
{Heap before GC invocations=1 (full 0):
 PSYoungGen      total 28160K, used 24576K [0x00000000eab00000, 0x00000000eca00000, 0x0000000100000000)
  eden space 24576K, 100% used [0x00000000eab00000,0x00000000ec300000,0x00000000ec300000)
  from space 3584K, 0% used [0x00000000ec680000,0x00000000ec680000,0x00000000eca00000)
  to   space 3584K, 0% used [0x00000000ec300000,0x00000000ec300000,0x00000000ec680000)
 ParOldGen       total 64512K, used 0K [0x00000000c0000000, 0x00000000c3f00000, 0x00000000eab00000)
  object space 64512K, 0% used [0x00000000c0000000,0x00000000c0000000,0x00000000c3f00000)
 Metaspace       used 5607K, capacity 6512K, committed 6784K, reserved 1056768K
  class space    used 588K, capacity 616K, committed 640K, reserved 1048576K
Event: 13.177 GC heap after
Heap after GC invocations=1 (full 0):
 PSYoungGen      total 28160K, used 3554K [0x00000000eab00000, 0x00000000ee200000, 0x0000000100000000)
  eden space 24576K, 0% used [0x00000000eab00000,0x00000000eab00000,0x00000000ec300000)
  from space 3584K, 99% used [0x00000000ec300000,0x00000000ec678a68,0x00000000ec680000)
  to   space 3584K, 0% used [0x00000000ede80000,0x00000000ede80000,0x00000000ee200000)
 ParOldGen       total 64512K, used 64K [0x00000000c0000000, 0x00000000c3f00000, 0x00000000eab00000)
  object space 64512K, 0% used [0x00000000c0000000,0x00000000c00102a8,0x00000000c3f00000)
 Metaspace       used 5607K, capacity 6512K, committed 6784K, reserved 1056768K
  class space    used 588K, capacity 616K, committed 640K, reserved 1048576K
}
Event: 14.996 GC heap before
{Heap before GC invocations=2 (full 0):
 PSYoungGen      total 28160K, used 28130K [0x00000000eab00000, 0x00000000ee200000, 0x0000000100000000)
  eden space 24576K, 100% used [0x00000000eab00000,0x00000000ec300000,0x00000000ec300000)
  from space 3584K, 99% used [0x00000000ec300000,0x00000000ec678a68,0x00000000ec680000)
  to   space 3584K, 0% used [0x00000000ede80000,0x00000000ede80000,0x00000000ee200000)
 ParOldGen       total 64512K, used 64K [0x00000000c0000000, 0x00000000c3f00000, 0x00000000eab00000)
  object space 64512K, 0% used [0x00000000c0000000,0x00000000c00102a8,0x00000000c3f00000)
 Metaspace       used 6166K, capacity 7024K, committed 7296K, reserved 1056768K
  class space    used 591K, capacity 616K, committed 640K, reserved 1048576K
Event: 15.467 GC heap after
Heap after GC invocations=2 (full 0):
 PSYoungGen      total 52736K, used 3563K [0x00000000eab00000, 0x00000000ee200000, 0x0000000100000000)
  eden space 49152K, 0% used [0x00000000eab00000,0x00000000eab00000,0x00000000edb00000)
  from space 3584K, 99% used [0x00000000ede80000,0x00000000ee1fad10,0x00000000ee200000)
  to   space 3584K, 0% used [0x00000000edb00000,0x00000000edb00000,0x00000000ede80000)
 ParOldGen       total 64512K, used 2953K [0x00000000c0000000, 0x00000000c3f00000, 0x00000000eab00000)
  object space 64512K, 4% used [0x00000000c0000000,0x00000000c02e2498,0x00000000c3f00000)
 Metaspace       used 6166K, capacity 7024K, committed 7296K, reserved 1056768K
  class space    used 591K, capacity 616K, committed 640K, reserved 1048576K
}
Event: 18.175 GC heap before
{Heap before GC invocations=3 (full 0):
 PSYoungGen      total 52736K, used 52715K [0x00000000eab00000, 0x00000000ee200000, 0x0000000100000000)
  eden space 49152K, 100% used [0x00000000eab00000,0x00000000edb00000,0x00000000edb00000)
  from space 3584K, 99% used [0x00000000ede80000,0x00000000ee1fad10,0x00000000ee200000)
  to   space 3584K, 0% used [0x00000000edb00000,0x00000000edb00000,0x00000000ede80000)
 ParOldGen       total 64512K, used 2953K [0x00000000c0000000, 0x00000000c3f00000, 0x00000000eab00000)
  object space 64512K, 4% used [0x00000000c0000000,0x00000000c02e2498,0x00000000c3f00000)
 Metaspace       used 6299K, capacity 7088K, committed 7296K, reserved 1056768K
  class space    used 593K, capacity 616K, committed 640K, reserved 1048576K
Event: 18.204 GC heap after
Heap after GC invocations=3 (full 0):
 PSYoungGen      total 52736K, used 3553K [0x00000000eab00000, 0x00000000ee200000, 0x0000000100000000)
  eden space 49152K, 0% used [0x00000000eab00000,0x00000000eab00000,0x00000000edb00000)
  from space 3584K, 99% used [0x00000000edb00000,0x00000000ede786e0,0x00000000ede80000)
  to   space 3584K, 0% used [0x00000000ede80000,0x00000000ede80000,0x00000000ee200000)
 ParOldGen       total 64512K, used 9211K [0x00000000c0000000, 0x00000000c3f00000, 0x00000000eab00000)
  object space 64512K, 14% used [0x00000000c0000000,0x00000000c08fee20,0x00000000c3f00000)
 Metaspace       used 6299K, capacity 7088K, committed 7296K, reserved 1056768K
  class space    used 593K, capacity 616K, committed 640K, reserved 1048576K
}

Deoptimization events (10 events):
Event: 17.350 Thread 0x0000000014818800 Uncommon trap: reason=bimorphic action=maybe_recompile pc=0x000000000235e104 method=java.util.HashMap.getNode(ILjava/lang/Object;)Ljava/util/HashMap$Node; @ 126
Event: 17.350 Thread 0x0000000014818800 Uncommon trap: reason=class_check action=maybe_recompile pc=0x0000000002647fc0 method=java.util.HashMap.putVal(ILjava/lang/Object;Ljava/lang/Object;ZZ)Ljava/lang/Object; @ 203
Event: 17.350 Thread 0x0000000014818800 Uncommon trap: reason=bimorphic action=maybe_recompile pc=0x000000000239cf38 method=java.util.HashMap.getNode(ILjava/lang/Object;)Ljava/util/HashMap$Node; @ 126
Event: 17.480 Thread 0x00000000164fe800 Uncommon trap: reason=unstable_if action=reinterpret pc=0x00000000026b8a34 method=com.android.dx.ssa.SCCP.simulateBranch(Lcom/android/dx/ssa/SsaInsn;)V @ 64
Event: 17.480 Thread 0x00000000164fe800 Uncommon trap: reason=unstable_if action=reinterpret pc=0x000000000274c410 method=com.android.dx.ssa.LiteralOpUpgrader$1.visitNonMoveInsn(Lcom/android/dx/ssa/NormalSsaInsn;)V @ 55
Event: 17.481 Thread 0x00000000164fe800 Uncommon trap: reason=unstable_if action=reinterpret pc=0x000000000260ff1c method=com.android.dx.ssa.SsaMethod.updateOneDefinition(Lcom/android/dx/ssa/SsaInsn;Lcom/android/dx/rop/code/RegisterSpec;)V @ 4
Event: 18.228 Thread 0x0000000016481800 Uncommon trap: reason=unstable_if action=reinterpret pc=0x00000000023f7420 method=com.android.dx.rop.code.RegisterSpec.equals(ILcom/android/dx/rop/type/TypeBearer;Lcom/android/dx/rop/code/LocalItem;)Z @ 42
Event: 18.238 Thread 0x0000000016481800 Uncommon trap: reason=bimorphic action=maybe_recompile pc=0x0000000002714250 method=com.android.dx.cf.code.BytecodeArray.parseInstruction(ILcom/android/dx/cf/code/BytecodeArray$Visitor;)I @ 1501
Event: 18.239 Thread 0x0000000016481800 Uncommon trap: reason=bimorphic action=maybe_recompile pc=0x0000000002714250 method=com.android.dx.cf.code.BytecodeArray.parseInstruction(ILcom/android/dx/cf/code/BytecodeArray$Visitor;)I @ 1501
Event: 19.260 Thread 0x0000000014818800 Uncommon trap: reason=unstable_if action=reinterpret pc=0x00000000028d7364 method=com.android.dx.cf.code.RopperMachine.run(Lcom/android/dx/cf/code/Frame;II)V @ 1250

Classes redefined (0 events):
No events

Internal exceptions (3 events):
Event: 0.559 Thread 0x0000000001fbd800 Exception <a 'java/lang/NoSuchMethodError': Method sun.misc.Unsafe.defineClass(Ljava/lang/String;[BII)Ljava/lang/Class; name or signature does not match> (0x00000000eab07ca8) thrown at [D:\src\AOSP-openjdk-cygwin\jdk8u\hotspot\src\share\vm\prims\jni.cpp, 
Event: 0.559 Thread 0x0000000001fbd800 Exception <a 'java/lang/NoSuchMethodError': Method sun.misc.Unsafe.prefetchRead(Ljava/lang/Object;J)V name or signature does not match> (0x00000000eab07f90) thrown at [D:\src\AOSP-openjdk-cygwin\jdk8u\hotspot\src\share\vm\prims\jni.cpp, line 4011]
Event: 14.249 Thread 0x0000000014818800 Implicit null exception at 0x00000000024189a2 to 0x0000000002418aa1

Events (10 events):
Event: 18.239 Thread 0x0000000016481800 DEOPT UNPACKING pc=0x000000000215556a sp=0x0000000016d9eaa0 mode 2
Event: 19.242 Thread 0x0000000014815000 DEOPT PACKING pc=0x00000000025f4e74 sp=0x0000000016b9ebb0
Event: 19.242 Thread 0x0000000014815000 DEOPT UNPACKING pc=0x00000000021575bf sp=0x0000000016b9e8c0 mode 0
Event: 19.260 Thread 0x0000000014818800 Uncommon trap: trap_request=0xffffff65 fr.pc=0x00000000028d7364
Event: 19.260 Thread 0x0000000014818800 DEOPT PACKING pc=0x00000000028d7364 sp=0x0000000016c9e550
Event: 19.260 Thread 0x0000000014818800 DEOPT UNPACKING pc=0x000000000215556a sp=0x0000000016c9e4f8 mode 2
Event: 19.347 Thread 0x00000000164fe800 DEOPT PACKING pc=0x000000000256af12 sp=0x000000001699e7e0
Event: 19.347 Thread 0x00000000164fe800 DEOPT UNPACKING pc=0x00000000021575bf sp=0x000000001699e540 mode 0
Event: 19.396 Thread 0x0000000014818800 DEOPT PACKING pc=0x000000000256af12 sp=0x0000000016c9e6a0
Event: 19.396 Thread 0x0000000014818800 DEOPT UNPACKING pc=0x00000000021575bf sp=0x0000000016c9e400 mode 0


Dynamic libraries:
0x00007ff798440000 - 0x00007ff798471000 	C:\Program Files\Android\Android Studio\jre\bin\java.exe
0x00007fffd47e0000 - 0x00007fffd498a000 	C:\Windows\SYSTEM32\ntdll.dll
0x00007fffd2330000 - 0x00007fffd246a000 	C:\Windows\system32\KERNEL32.DLL
0x00007fffd1d70000 - 0x00007fffd1e80000 	C:\Windows\system32\KERNELBASE.dll
0x00007fffd4410000 - 0x00007fffd44b5000 	C:\Windows\system32\ADVAPI32.dll
0x00007fffd3a60000 - 0x00007fffd3bd1000 	C:\Windows\system32\USER32.dll
0x00007fffcf960000 - 0x00007fffcfbba000 	C:\Windows\WinSxS\amd64_microsoft.windows.common-controls_6595b64144ccf1df_6.0.9600.17031_none_6242a4b3ecbb55a1\COMCTL32.dll
0x00007fffd4730000 - 0x00007fffd47d7000 	C:\Windows\system32\msvcrt.dll
0x00007fffd22d0000 - 0x00007fffd2327000 	C:\Windows\SYSTEM32\sechost.dll
0x00007fffd45f0000 - 0x00007fffd4726000 	C:\Windows\system32\RPCRT4.dll
0x00007fffd2180000 - 0x00007fffd22c5000 	C:\Windows\system32\GDI32.dll
0x00007fffd44e0000 - 0x00007fffd4514000 	C:\Windows\system32\IMM32.DLL
0x00007fffd3be0000 - 0x00007fffd3d19000 	C:\Windows\system32\MSCTF.dll
0x0000000068ec0000 - 0x0000000068f92000 	C:\Program Files\Android\Android Studio\jre\jre\bin\msvcr100.dll
0x00000000690d0000 - 0x000000006990e000 	C:\Program Files\Android\Android Studio\jre\jre\bin\server\jvm.dll
0x00007fffd09a0000 - 0x00007fffd09a9000 	C:\Windows\SYSTEM32\WSOCK32.dll
0x00007fffcc080000 - 0x00007fffcc09f000 	C:\Windows\SYSTEM32\WINMM.dll
0x00007fffcd770000 - 0x00007fffcd77a000 	C:\Windows\SYSTEM32\VERSION.dll
0x00007fffd2490000 - 0x00007fffd2497000 	C:\Windows\system32\PSAPI.DLL
0x00007fffd40e0000 - 0x00007fffd4138000 	C:\Windows\system32\WS2_32.dll
0x00007fffcb980000 - 0x00007fffcb9aa000 	C:\Windows\SYSTEM32\WINMMBASE.dll
0x00007fffd44c0000 - 0x00007fffd44c9000 	C:\Windows\system32\NSI.dll
0x00007fffd1c20000 - 0x00007fffd1c6a000 	C:\Windows\SYSTEM32\cfgmgr32.dll
0x00007fffd09d0000 - 0x00007fffd09f6000 	C:\Windows\SYSTEM32\DEVOBJ.dll
0x00007fffd0160000 - 0x00007fffd016f000 	C:\Program Files\Android\Android Studio\jre\jre\bin\verify.dll
0x00007fffbc980000 - 0x00007fffbc9a9000 	C:\Program Files\Android\Android Studio\jre\jre\bin\java.dll
0x00007fffc8d20000 - 0x00007fffc8d36000 	C:\Program Files\Android\Android Studio\jre\jre\bin\zip.dll
0x00007fffd24a0000 - 0x00007fffd38b7000 	C:\Windows\system32\SHELL32.dll
0x00007fffd3f00000 - 0x00007fffd40d6000 	C:\Windows\SYSTEM32\combase.dll
0x00007fffd4530000 - 0x00007fffd4581000 	C:\Windows\system32\SHLWAPI.dll
0x00007fffcff30000 - 0x00007fffcffcf000 	C:\Windows\SYSTEM32\SHCORE.dll
0x00007fffd1b50000 - 0x00007fffd1b64000 	C:\Windows\SYSTEM32\profapi.dll

VM Arguments:
jvm_args: -Djava.awt.headless=true -Xmx1024M -Dfile.encoding=windows-1252 -Duser.country=US -Duser.language=en -Duser.variant 
java_command: com.android.dx.command.Main --dex --num-threads=4 --output C:\Users\Uzi Jee\Desktop\BrainTrainer\app\build\intermediates\pre-dexed\debug\com.android.support-support-v4-23.3.0_b703457aff09b7a972afe464713a3724c59f1fb9.jar C:\Users\Uzi Jee\Desktop\BrainTrainer\app\build\intermediates\exploded-aar\com.android.support\support-v4\23.3.0\jars\classes.jar
java_class_path (initial): C:\Users\Uzi Jee\AppData\Local\Android\Sdk\build-tools\23.0.2\lib\dx.jar
Launcher Type: SUN_STANDARD

Environment Variables:
JAVA_HOME=C:\Program Files\Java\jdk-9.0.4
PATH=C:\ProgramData\Oracle\Java\javapath;C:\Windows\system32;C:\Windows;C:\Windows\System32\Wbem;C:\Windows\System32\WindowsPowerShell\v1.0\;C:\Windows\system32\config\systemprofile\.dnx\bin;C:\Program Files\Microsoft DNX\Dnvm\;C:\Program Files\Microsoft SQL Server\120\Tools\Binn\;C:\Program Files\Microsoft SQL Server\130\Tools\Binn\;C:\Program Files\Java\jdk-9.0.4\bin;C:\Program Files\Java\jre-9.0.4
USERNAME=Uzi Jee
OS=Windows_NT
PROCESSOR_IDENTIFIER=Intel64 Family 6 Model 58 Stepping 9, GenuineIntel



---------------  S Y S T E M  ---------------

OS: Windows 8.1 , 64 bit Build 9600 (6.3.9600.17031)

CPU:total 4 (initial active 4) (2 cores per cpu, 2 threads per core) family 6 model 58 stepping 9, cmov, cx8, fxsr, mmx, sse, sse2, sse3, ssse3, sse4.1, sse4.2, popcnt, avx, aes, clmul, erms, ht, tsc, tscinvbit, tscinv

Memory: 4k page, physical 6151668k(762464k free), swap 9297396k(823636k free)

vm_info: OpenJDK 64-Bit Server VM (25.152-b01) for windows-amd64 JRE (1.8.0_152-release-915-b01), built by "builder" with MS VC++ 10.0 (VS2010)

time: Sat Jul 14 14:35:19 2018
elapsed time: 20 seconds (0d 0h 0m 20s)

